2020-03-07 22:06:54,396 - INFO - Element found with locator: //*[@id='block_top_menu']/ul/li[2]/a[contains(text(),'Dresses')] and  locatorType: xpath
2020-03-07 22:06:54,947 - INFO - Moved on element with locator: //*[@id='block_top_menu']/ul/li[2]/a[contains(text(),'Dresses')] locatorType: xpath
2020-03-07 22:06:54,985 - INFO - Element found with locator: //*[@id='block_top_menu']/ul/li[2]/ul/li[1]/a[contains(text(),'Casual Dresses')] and  locatorType: xpath
2020-03-07 22:06:59,926 - INFO - Moved on element and click with locator: //*[@id='block_top_menu']/ul/li[2]/ul/li[1]/a[contains(text(),'Casual Dresses')] locatorType: xpath
2020-03-07 22:06:59,934 - INFO - ### VERIFICATION CONTAINS !!!
2020-03-07 22:06:59,955 - INFO - Element found with locator: //*[@id='center_column']//span[@class='cat-name'] and  locatorType: xpath
2020-03-07 22:06:59,980 - INFO - Getting text on element :: 
2020-03-07 22:06:59,980 - INFO - The text is :: 'CASUAL DRESSES '
2020-03-07 22:07:00,029 - INFO - Element found with locator: //*[@id='center_column']//a[contains(text(),'Printed Dress')] and  locatorType: xpath
2020-03-07 22:07:00,029 - INFO - Element present with locator: //*[@id='center_column']//a[contains(text(),'Printed Dress')] locatorType: xpath
2020-03-07 22:07:00,049 - INFO - Element found with locator: //*[@id='center_column']/ul/li/div and  locatorType: xpath
2020-03-07 22:07:00,597 - INFO - Moved on element with locator: //*[@id='center_column']/ul/li/div locatorType: xpath
2020-03-07 22:07:00,635 - INFO - Element found with locator: //*[@title='Add to cart'] and  locatorType: xpath
2020-03-07 22:07:00,753 - INFO - Clicked on element with locator: //*[@title='Add to cart'] locatorType: xpath
2020-03-07 22:07:00,754 - INFO - Waiting for maximum :: 60 :: seconds for element to be clickable
2020-03-07 22:07:01,893 - INFO - Element appeared on the web page
2020-03-07 22:07:01,907 - INFO - Element found with locator: //*[@id='layer_cart_product_price'] and  locatorType: xpath
2020-03-07 22:07:01,935 - INFO - Getting text on element :: 
2020-03-07 22:07:01,936 - INFO - The text is :: '$26.00'
2020-03-07 22:07:01,936 - INFO - price$26.00
2020-03-07 22:07:01,936 - INFO - ### VERIFICATION SUCCESSFUL :: + test_add_product
2020-03-07 22:07:01,936 - INFO - test_add_product ### TEST SUCCESSFUL
