2020-03-07 11:40:03,010 - INFO - Element found with locator: //*[@id='header']//a[contains(text(),'Sign in')] and  locatorType: xpath
2020-03-07 11:40:05,484 - INFO - Clicked on element with locator: //*[@id='header']//a[contains(text(),'Sign in')] locatorType: xpath
2020-03-07 11:40:05,492 - INFO - ### VERIFICATION CONTAINS !!!
2020-03-07 11:40:05,514 - INFO - Element found with locator: email and  locatorType: id
2020-03-07 11:40:05,973 - INFO - Sent data on element with locator: email locatorType: id
2020-03-07 11:40:05,997 - INFO - Element found with locator: passwd and  locatorType: id
2020-03-07 11:40:06,198 - INFO - Sent data on element with locator: passwd locatorType: id
2020-03-07 11:40:06,226 - INFO - Element found with locator: SubmitLogin and  locatorType: id
2020-03-07 11:40:08,153 - INFO - Clicked on element with locator: SubmitLogin locatorType: id
2020-03-07 11:40:08,189 - INFO - Element found with locator: //*[@id='center_column']//li[contains(text(),'Authentication failed.')] and  locatorType: xpath
2020-03-07 11:40:08,189 - INFO - Element present with locator: //*[@id='center_column']//li[contains(text(),'Authentication failed.')] locatorType: xpath
2020-03-07 11:40:08,189 - INFO - ### VERIFICATION SUCCESSFUL :: + In-valid SignIn
2020-03-07 11:40:08,189 - INFO - test_invalid_SignIn ### TEST SUCCESSFUL
2020-03-07 11:40:08,301 - INFO - Element found with locator: //*[@id='header']//a[contains(text(),'Sign in')] and  locatorType: xpath
2020-03-07 11:40:10,314 - INFO - Clicked on element with locator: //*[@id='header']//a[contains(text(),'Sign in')] locatorType: xpath
2020-03-07 11:40:10,329 - INFO - ### VERIFICATION CONTAINS !!!
2020-03-07 11:40:10,341 - INFO - Element found with locator: email and  locatorType: id
2020-03-07 11:40:10,624 - INFO - Sent data on element with locator: email locatorType: id
2020-03-07 11:40:10,634 - INFO - Element found with locator: passwd and  locatorType: id
2020-03-07 11:40:10,731 - INFO - Sent data on element with locator: passwd locatorType: id
2020-03-07 11:40:10,750 - INFO - Element found with locator: SubmitLogin and  locatorType: id
2020-03-07 11:40:13,580 - INFO - Clicked on element with locator: SubmitLogin locatorType: id
2020-03-07 11:40:13,605 - INFO - Element found with locator: //*[@id='header']//span[contains(text(),'Firstname lastname')] and  locatorType: xpath
2020-03-07 11:40:13,606 - INFO - Element present with locator: //*[@id='header']//span[contains(text(),'Firstname lastname')] locatorType: xpath
2020-03-07 11:40:13,606 - INFO - ### VERIFICATION SUCCESSFUL :: + Valid SignIn
2020-03-07 11:40:13,607 - INFO - test_valid_SignIn ### TEST SUCCESSFUL
