2020-03-07 22:26:42,282 - INFO - Element found with locator: //*[@id='block_top_menu']/ul/li[2]/a[contains(text(),'Dresses')] and  locatorType: xpath
2020-03-07 22:26:42,868 - INFO - Moved on element with locator: //*[@id='block_top_menu']/ul/li[2]/a[contains(text(),'Dresses')] locatorType: xpath
2020-03-07 22:26:42,889 - INFO - Element found with locator: //*[@id='block_top_menu']/ul/li[2]/ul/li[1]/a[contains(text(),'Casual Dresses')] and  locatorType: xpath
2020-03-07 22:26:48,889 - INFO - Moved on element and click with locator: //*[@id='block_top_menu']/ul/li[2]/ul/li[1]/a[contains(text(),'Casual Dresses')] locatorType: xpath
2020-03-07 22:26:48,900 - INFO - ### VERIFICATION CONTAINS !!!
2020-03-07 22:26:48,919 - INFO - Element found with locator: //*[@id='center_column']//span[@class='cat-name'] and  locatorType: xpath
2020-03-07 22:26:48,947 - INFO - Getting text on element :: 
2020-03-07 22:26:48,948 - INFO - The text is :: 'CASUAL DRESSES '
2020-03-07 22:26:49,002 - INFO - Element found with locator: //*[@id='center_column']//a[contains(text(),'Printed Dress')] and  locatorType: xpath
2020-03-07 22:26:49,003 - INFO - Element present with locator: //*[@id='center_column']//a[contains(text(),'Printed Dress')] locatorType: xpath
2020-03-07 22:26:49,032 - INFO - Element found with locator: //*[@id='center_column']/ul/li/div and  locatorType: xpath
2020-03-07 22:26:49,568 - INFO - Moved on element with locator: //*[@id='center_column']/ul/li/div locatorType: xpath
2020-03-07 22:26:49,605 - INFO - Element found with locator: //*[@title='Add to cart'] and  locatorType: xpath
2020-03-07 22:26:49,690 - INFO - Clicked on element with locator: //*[@title='Add to cart'] locatorType: xpath
2020-03-07 22:26:49,691 - INFO - Waiting for maximum :: 60 :: seconds for element to be clickable
2020-03-07 22:26:50,849 - INFO - Element appeared on the web page
2020-03-07 22:26:50,858 - INFO - Element found with locator: //*[@id='layer_cart_product_price'] and  locatorType: xpath
2020-03-07 22:26:50,886 - INFO - Getting text on element :: 
2020-03-07 22:26:50,886 - INFO - The text is :: '$26.00'
2020-03-07 22:26:50,886 - INFO - price$26.00
2020-03-07 22:26:50,886 - INFO - ### VERIFICATION SUCCESSFUL :: + test_add_product
2020-03-07 22:26:50,886 - INFO - test_add_product ### TEST SUCCESSFUL
