2020-03-07 22:22:54,923 - INFO - Element found with locator: //*[@id='block_top_menu']/ul/li[2]/a[contains(text(),'Dresses')] and  locatorType: xpath
2020-03-07 22:22:55,488 - INFO - Moved on element with locator: //*[@id='block_top_menu']/ul/li[2]/a[contains(text(),'Dresses')] locatorType: xpath
2020-03-07 22:22:55,510 - INFO - Element found with locator: //*[@id='block_top_menu']/ul/li[2]/ul/li[1]/a[contains(text(),'Casual Dresses')] and  locatorType: xpath
2020-03-07 22:23:00,215 - INFO - Moved on element and click with locator: //*[@id='block_top_menu']/ul/li[2]/ul/li[1]/a[contains(text(),'Casual Dresses')] locatorType: xpath
2020-03-07 22:23:00,226 - INFO - Casual Dresses - My Store
2020-03-07 22:23:00,226 - INFO - Casual Dresses - My Store
2020-03-07 22:23:00,226 - INFO - ### VERIFICATION CONTAINS !!!
2020-03-07 22:23:00,244 - INFO - Element found with locator: //*[@id='center_column']//span[@class='cat-name'] and  locatorType: xpath
2020-03-07 22:23:00,266 - INFO - Getting text on element :: 
2020-03-07 22:23:00,267 - INFO - The text is :: 'CASUAL DRESSES '
2020-03-07 22:23:00,300 - INFO - Element found with locator: //*[@id='center_column']//a[contains(text(),'Printed Dress')] and  locatorType: xpath
2020-03-07 22:23:00,300 - INFO - Element present with locator: //*[@id='center_column']//a[contains(text(),'Printed Dress')] locatorType: xpath
2020-03-07 22:23:00,328 - INFO - Element found with locator: //*[@id='center_column']/ul/li/div and  locatorType: xpath
2020-03-07 22:23:00,858 - INFO - Moved on element with locator: //*[@id='center_column']/ul/li/div locatorType: xpath
2020-03-07 22:23:00,913 - INFO - Element found with locator: //*[@title='Add to cart'] and  locatorType: xpath
2020-03-07 22:23:01,007 - INFO - Clicked on element with locator: //*[@title='Add to cart'] locatorType: xpath
2020-03-07 22:23:01,008 - INFO - Waiting for maximum :: 60 :: seconds for element to be clickable
2020-03-07 22:23:02,158 - INFO - Element appeared on the web page
2020-03-07 22:23:02,170 - INFO - Element found with locator: //*[@id='layer_cart_product_price'] and  locatorType: xpath
2020-03-07 22:23:02,194 - INFO - Getting text on element :: 
2020-03-07 22:23:02,194 - INFO - The text is :: '$26.00'
2020-03-07 22:23:02,194 - INFO - price$26.00
2020-03-07 22:23:02,195 - INFO - ### VERIFICATION SUCCESSFUL :: + test_add_product
2020-03-07 22:23:02,195 - INFO - test_add_product ### TEST SUCCESSFUL
2020-03-07 22:23:02,285 - INFO - Element found with locator: //*[@id='block_top_menu']/ul/li[2]/a[contains(text(),'Dresses')] and  locatorType: xpath
2020-03-07 22:23:02,815 - INFO - Moved on element with locator: //*[@id='block_top_menu']/ul/li[2]/a[contains(text(),'Dresses')] locatorType: xpath
2020-03-07 22:23:02,829 - INFO - Element found with locator: //*[@id='block_top_menu']/ul/li[2]/ul/li[1]/a[contains(text(),'Casual Dresses')] and  locatorType: xpath
2020-03-07 22:23:02,840 - INFO - Cannot move and click on the element with locator: //*[@id='block_top_menu']/ul/li[2]/ul/li[1]/a[contains(text(),'Casual Dresses')] locatorType: xpath
2020-03-07 22:23:02,864 - INFO - Casual Dresses - My Store
2020-03-07 22:23:02,865 - INFO - Casual Dresses - My Store
2020-03-07 22:23:02,865 - INFO - ### VERIFICATION CONTAINS !!!
2020-03-07 22:23:02,885 - INFO - Element found with locator: //*[@id='center_column']//span[@class='cat-name'] and  locatorType: xpath
2020-03-07 22:23:02,905 - INFO - Getting text on element :: 
2020-03-07 22:23:02,905 - INFO - The text is :: 'CASUAL DRESSES '
2020-03-07 22:23:02,939 - INFO - Element found with locator: //*[@id='center_column']//a[contains(text(),'Printed Dress')] and  locatorType: xpath
2020-03-07 22:23:02,940 - INFO - Element present with locator: //*[@id='center_column']//a[contains(text(),'Printed Dress')] locatorType: xpath
2020-03-07 22:23:02,964 - INFO - Element found with locator: //*[@class='available-now']//following::link and  locatorType: xpath
2020-03-07 22:23:02,992 - ERROR - ### VERIFICATION FAILED :: + test_search_stock_casual_dress
2020-03-07 22:23:02,992 - ERROR - test_search_stock_casual_dress ### TEST FAILED
