2020-03-07 22:12:32,811 - INFO - Element found with locator: //*[@id='block_top_menu']/ul/li[2]/a[contains(text(),'Dresses')] and  locatorType: xpath
2020-03-07 22:12:33,381 - INFO - Moved on element with locator: //*[@id='block_top_menu']/ul/li[2]/a[contains(text(),'Dresses')] locatorType: xpath
2020-03-07 22:12:33,405 - INFO - Element found with locator: //*[@id='block_top_menu']/ul/li[2]/ul/li[1]/a[contains(text(),'Casual Dresses')] and  locatorType: xpath
2020-03-07 22:12:39,207 - INFO - Moved on element and click with locator: //*[@id='block_top_menu']/ul/li[2]/ul/li[1]/a[contains(text(),'Casual Dresses')] locatorType: xpath
2020-03-07 22:12:39,228 - INFO - ### VERIFICATION CONTAINS !!!
2020-03-07 22:12:39,246 - INFO - Element found with locator: //*[@id='center_column']//span[@class='cat-name'] and  locatorType: xpath
2020-03-07 22:12:39,267 - INFO - Getting text on element :: 
2020-03-07 22:12:39,267 - INFO - The text is :: 'CASUAL DRESSES '
2020-03-07 22:12:39,304 - INFO - Element found with locator: //*[@id='center_column']//a[contains(text(),'Printed Dress')] and  locatorType: xpath
2020-03-07 22:12:39,304 - INFO - Element present with locator: //*[@id='center_column']//a[contains(text(),'Printed Dress')] locatorType: xpath
2020-03-07 22:12:39,328 - INFO - Element found with locator: //*[@id='center_column']/ul/li/div and  locatorType: xpath
2020-03-07 22:12:39,867 - INFO - Moved on element with locator: //*[@id='center_column']/ul/li/div locatorType: xpath
2020-03-07 22:12:39,888 - INFO - Element found with locator: //*[@title='Add to cart'] and  locatorType: xpath
2020-03-07 22:12:39,988 - INFO - Clicked on element with locator: //*[@title='Add to cart'] locatorType: xpath
2020-03-07 22:12:39,989 - INFO - Waiting for maximum :: 60 :: seconds for element to be clickable
2020-03-07 22:12:41,144 - INFO - Element appeared on the web page
2020-03-07 22:12:41,157 - INFO - Element found with locator: //*[@id='layer_cart_product_price'] and  locatorType: xpath
2020-03-07 22:12:41,181 - INFO - Getting text on element :: 
2020-03-07 22:12:41,181 - INFO - The text is :: '$26.00'
2020-03-07 22:12:41,182 - INFO - price$26.00
2020-03-07 22:12:41,182 - INFO - ### VERIFICATION SUCCESSFUL :: + test_add_product
2020-03-07 22:12:41,182 - INFO - test_add_product ### TEST SUCCESSFUL
2020-03-07 22:12:41,264 - INFO - Element found with locator: //*[@id='block_top_menu']/ul/li[2]/a[contains(text(),'Dresses')] and  locatorType: xpath
2020-03-07 22:12:41,788 - INFO - Moved on element with locator: //*[@id='block_top_menu']/ul/li[2]/a[contains(text(),'Dresses')] locatorType: xpath
2020-03-07 22:12:41,799 - INFO - Element found with locator: //*[@id='block_top_menu']/ul/li[2]/ul/li[1]/a[contains(text(),'Casual Dresses')] and  locatorType: xpath
2020-03-07 22:12:41,809 - INFO - Cannot move and click on the element with locator: //*[@id='block_top_menu']/ul/li[2]/ul/li[1]/a[contains(text(),'Casual Dresses')] locatorType: xpath
2020-03-07 22:12:41,822 - ERROR - Failed to get page title
2020-03-07 22:12:41,836 - INFO - Element found with locator: //*[@id='center_column']//span[@class='cat-name'] and  locatorType: xpath
2020-03-07 22:12:41,848 - INFO - Getting text on element :: 
2020-03-07 22:12:41,848 - INFO - The text is :: 'CASUAL DRESSES '
2020-03-07 22:12:41,875 - INFO - Element found with locator: //*[@id='center_column']//a[contains(text(),'Printed Dress')] and  locatorType: xpath
2020-03-07 22:12:41,875 - INFO - Element present with locator: //*[@id='center_column']//a[contains(text(),'Printed Dress')] locatorType: xpath
2020-03-07 22:12:41,895 - INFO - Element found with locator: //*[@class='available-now']//following::link and  locatorType: xpath
2020-03-07 22:12:41,924 - ERROR - ### VERIFICATION FAILED :: + test_search_stock_casual_dress
2020-03-07 22:12:41,924 - ERROR - test_search_stock_casual_dress ### TEST FAILED
