2020-03-07 22:03:34,437 - INFO - Element found with locator: //*[@id='block_top_menu']/ul/li[2]/a[contains(text(),'Dresses')] and  locatorType: xpath
2020-03-07 22:03:34,971 - INFO - Moved on element with locator: //*[@id='block_top_menu']/ul/li[2]/a[contains(text(),'Dresses')] locatorType: xpath
2020-03-07 22:03:34,995 - INFO - Element found with locator: //*[@id='block_top_menu']/ul/li[2]/ul/li[1]/a[contains(text(),'Casual Dresses')] and  locatorType: xpath
2020-03-07 22:03:59,725 - INFO - Moved on element and click with locator: //*[@id='block_top_menu']/ul/li[2]/ul/li[1]/a[contains(text(),'Casual Dresses')] locatorType: xpath
2020-03-07 22:03:59,738 - INFO - ### VERIFICATION CONTAINS !!!
2020-03-07 22:03:59,754 - INFO - Element found with locator: //*[@id='center_column']//span[@class='cat-name'] and  locatorType: xpath
2020-03-07 22:03:59,777 - INFO - Getting text on element :: 
2020-03-07 22:03:59,777 - INFO - The text is :: 'CASUAL DRESSES '
2020-03-07 22:03:59,807 - INFO - Element found with locator: //*[@id='center_column']//a[contains(text(),'Printed Dress')] and  locatorType: xpath
2020-03-07 22:03:59,807 - INFO - Element present with locator: //*[@id='center_column']//a[contains(text(),'Printed Dress')] locatorType: xpath
2020-03-07 22:03:59,831 - INFO - Element found with locator: //*[@id='center_column']/ul/li/div and  locatorType: xpath
2020-03-07 22:04:00,361 - INFO - Moved on element with locator: //*[@id='center_column']/ul/li/div locatorType: xpath
2020-03-07 22:04:00,387 - INFO - Element found with locator: //*[@title='Add to cart'] and  locatorType: xpath
2020-03-07 22:04:00,479 - INFO - Clicked on element with locator: //*[@title='Add to cart'] locatorType: xpath
2020-03-07 22:04:00,479 - INFO - Waiting for maximum :: 60 :: seconds for element to be clickable
2020-03-07 22:04:02,729 - INFO - Element appeared on the web page
2020-03-07 22:04:02,739 - INFO - Element found with locator: //*[@id='layer_cart_product_price'] and  locatorType: xpath
2020-03-07 22:04:02,758 - INFO - Getting text on element :: 
2020-03-07 22:04:02,758 - INFO - The text is :: '$26.00'
2020-03-07 22:04:02,758 - INFO - price$26.00
2020-03-07 22:04:02,758 - INFO - ### VERIFICATION SUCCESSFUL :: + test_add_product
2020-03-07 22:04:02,758 - INFO - test_add_product ### TEST SUCCESSFUL
