2020-02-29 11:06:44,414 - INFO - Element found with locator: //input[@name='username'] and  locatorType: xpath
2020-02-29 11:06:44,793 - INFO - Sent data on element with locator: //input[@name='username'] locatorType: xpath
2020-02-29 11:06:44,875 - INFO - Element found with locator: //input[@name='password'] and  locatorType: xpath
2020-02-29 11:06:45,002 - INFO - Sent data on element with locator: //input[@name='password'] locatorType: xpath
2020-02-29 11:06:45,021 - INFO - Element found with locator: btnLogin and  locatorType: id
2020-02-29 11:06:45,324 - INFO - Clicked on element with locator: btnLogin locatorType: id
2020-02-29 11:06:45,407 - INFO - Element not found with locator: //span[containsz(text(),'Invalid Username/Password')] and  locatorType: xpath
2020-02-29 11:06:45,407 - INFO - Element not present with locator: //span[containsz(text(),'Invalid Username/Password')] locatorType: xpath
2020-02-29 11:06:45,407 - ERROR - ### VERIFICATION FAILED :: + In-valid SignIn
2020-02-29 11:06:45,408 - ERROR - test_invalid_SignIn ### TEST FAILED
2020-02-29 11:06:45,889 - INFO - Element found with locator: //input[@name='username'] and  locatorType: xpath
2020-02-29 11:06:46,011 - INFO - Sent data on element with locator: //input[@name='username'] locatorType: xpath
2020-02-29 11:06:46,032 - INFO - Element found with locator: //input[@name='password'] and  locatorType: xpath
2020-02-29 11:06:46,173 - INFO - Sent data on element with locator: //input[@name='password'] locatorType: xpath
2020-02-29 11:06:46,193 - INFO - Element found with locator: btnLogin and  locatorType: id
2020-02-29 11:06:46,677 - INFO - Clicked on element with locator: btnLogin locatorType: id
2020-02-29 11:06:46,725 - INFO - Element found with locator: //span[contains(text(),'admin')] and  locatorType: xpath
2020-02-29 11:06:46,726 - INFO - Element present with locator: //span[contains(text(),'admin')] locatorType: xpath
2020-02-29 11:06:46,726 - INFO - ### VERIFICATION SUCCESSFUL :: + Valid SignIn
2020-02-29 11:06:46,726 - INFO - test_valid_SignIn ### TEST SUCCESSFUL
