2020-02-29 10:17:15,212 - INFO - Element found with locator: //input[@name='username'] and  locatorType: xpath
2020-02-29 10:17:15,647 - INFO - Sent data on element with locator: //input[@name='username'] locatorType: xpath
2020-02-29 10:17:15,695 - INFO - Element found with locator: //input[@name='password'] and  locatorType: xpath
2020-02-29 10:17:15,843 - INFO - Sent data on element with locator: //input[@name='password'] locatorType: xpath
2020-02-29 10:17:15,863 - INFO - Element found with locator: btnLogin and  locatorType: id
2020-02-29 10:17:16,156 - INFO - Clicked on element with locator: btnLogin locatorType: id
2020-02-29 10:17:16,232 - INFO - Element not found with locator: //span[containsz(text(),'Invalid Username/Password')] and  locatorType: xpath
2020-02-29 10:17:16,232 - INFO - Element not present with locator: //span[containsz(text(),'Invalid Username/Password')] locatorType: xpath
2020-02-29 10:17:16,233 - ERROR - ### VERIFICATION FAILED :: + In-valid SignIn
2020-02-29 10:17:16,234 - ERROR - test_invalid_SignIn ### TEST FAILED
2020-02-29 10:17:16,705 - INFO - Element found with locator: //input[@name='username'] and  locatorType: xpath
2020-02-29 10:17:16,814 - INFO - Sent data on element with locator: //input[@name='username'] locatorType: xpath
2020-02-29 10:17:16,831 - INFO - Element found with locator: //input[@name='password'] and  locatorType: xpath
2020-02-29 10:17:16,932 - INFO - Sent data on element with locator: //input[@name='password'] locatorType: xpath
2020-02-29 10:17:16,947 - INFO - Element found with locator: btnLogin and  locatorType: id
2020-02-29 10:17:17,315 - INFO - Clicked on element with locator: btnLogin locatorType: id
2020-02-29 10:17:17,417 - INFO - Element found with locator: //span[contains(text(),'admin')] and  locatorType: xpath
2020-02-29 10:17:17,418 - INFO - Element present with locator: //span[contains(text(),'admin')] locatorType: xpath
2020-02-29 10:17:17,418 - INFO - ### VERIFICATION SUCCESSFUL :: + Valid SignIn
2020-02-29 10:17:17,418 - INFO - test_valid_SignIn ### TEST SUCCESSFUL
