2020-03-13 20:19:11,033 - INFO - Element found with locator: //*[@id='block_top_menu']/ul/li[2]/a[contains(text(),'Dresses')] and  locatorType: xpath
2020-03-13 20:19:11,868 - INFO - Moved on element with locator: //*[@id='block_top_menu']/ul/li[2]/a[contains(text(),'Dresses')] locatorType: xpath
2020-03-13 20:19:11,915 - INFO - Element found with locator: //*[@id='block_top_menu']/ul/li[2]/ul/li[1]/a[contains(text(),'Casual Dresses')] and  locatorType: xpath
2020-03-13 20:19:16,150 - INFO - Moved on element and click with locator: //*[@id='block_top_menu']/ul/li[2]/ul/li[1]/a[contains(text(),'Casual Dresses')] locatorType: xpath
2020-03-13 20:19:16,170 - INFO - ### VERIFICATION CONTAINS !!!
2020-03-13 20:19:16,193 - INFO - Element found with locator: //*[@id='center_column']//span[@class='cat-name'] and  locatorType: xpath
2020-03-13 20:19:16,222 - INFO - Getting text on element :: 
2020-03-13 20:19:16,222 - INFO - The text is :: 'CASUAL DRESSES '
2020-03-13 20:19:16,274 - INFO - Element found with locator: //*[@id='center_column']//a[contains(text(),'Printed Dress')] and  locatorType: xpath
2020-03-13 20:19:16,275 - INFO - Element present with locator: //*[@id='center_column']//a[contains(text(),'Printed Dress')] locatorType: xpath
2020-03-13 20:19:16,299 - INFO - Element found with locator: //*[@id='center_column']/ul/li/div and  locatorType: xpath
2020-03-13 20:19:16,822 - INFO - Moved on element with locator: //*[@id='center_column']/ul/li/div locatorType: xpath
2020-03-13 20:19:16,838 - INFO - Element found with locator: //*[@title='Add to cart'] and  locatorType: xpath
2020-03-13 20:19:16,947 - INFO - Clicked on element with locator: //*[@title='Add to cart'] locatorType: xpath
2020-03-13 20:19:16,948 - INFO - Waiting for maximum :: 60 :: seconds for element to be clickable
2020-03-13 20:19:18,633 - INFO - Element appeared on the web page
2020-03-13 20:19:18,645 - INFO - Element found with locator: //*[@id='layer_cart_product_price'] and  locatorType: xpath
2020-03-13 20:19:18,666 - INFO - Getting text on element :: 
2020-03-13 20:19:18,666 - INFO - The text is :: '$26.00'
2020-03-13 20:19:18,666 - INFO - price$26.00
2020-03-13 20:19:18,666 - INFO - ### VERIFICATION SUCCESSFUL :: + test_add_product
2020-03-13 20:19:18,667 - INFO - test_add_product ### TEST SUCCESSFUL
