2020-03-06 20:44:27,726 - INFO - Element found with locator: txtUsername and  locatorType: id
2020-03-06 20:44:27,898 - INFO - Sent data on element with locator: txtUsername locatorType: id
2020-03-06 20:44:27,932 - INFO - Element found with locator: txtPassword and  locatorType: id
2020-03-06 20:44:28,055 - INFO - Sent data on element with locator: txtPassword locatorType: id
2020-03-06 20:44:28,080 - INFO - Element found with locator: btnLogin and  locatorType: id
2020-03-06 20:44:33,954 - INFO - Clicked on element with locator: btnLogin locatorType: id
2020-03-06 20:44:33,992 - INFO - Element found with locator: //*[@id='spanMessage'] and  locatorType: xpath
2020-03-06 20:44:33,992 - INFO - Element present with locator: //*[@id='spanMessage'] locatorType: xpath
2020-03-06 20:44:33,993 - INFO - ### VERIFICATION SUCCESSFUL :: + In-valid SignIn
2020-03-06 20:44:33,993 - INFO - test_invalid_SignIn ### TEST SUCCESSFUL
2020-03-06 20:44:34,044 - INFO - Element found with locator: txtUsername and  locatorType: id
2020-03-06 20:44:34,153 - INFO - Sent data on element with locator: txtUsername locatorType: id
2020-03-06 20:44:34,166 - INFO - Element found with locator: txtPassword and  locatorType: id
2020-03-06 20:44:34,252 - INFO - Sent data on element with locator: txtPassword locatorType: id
2020-03-06 20:44:34,263 - INFO - Element found with locator: btnLogin and  locatorType: id
2020-03-06 20:44:43,511 - INFO - Clicked on element with locator: btnLogin locatorType: id
2020-03-06 20:44:43,532 - INFO - Element found with locator: //*[@id='welcome'] and  locatorType: xpath
2020-03-06 20:44:43,532 - INFO - Element present with locator: //*[@id='welcome'] locatorType: xpath
2020-03-06 20:44:43,532 - INFO - ### VERIFICATION SUCCESSFUL :: + Valid SignIn
2020-03-06 20:44:43,532 - INFO - test_valid_SignIn ### TEST SUCCESSFUL
